

> docs@ build /home/jeffrieh/repositories/effect-tasks/docs
> vocs build












[1;1H[0J
  [34m[building][39m [1mvocs[22m@[2mv1.0.0-alpha.57[22m

[?25l[1G[1G[36m⠋[39m building bundles...
[1G[0K[1A[0K[36m⠙[39m building bundles...
[1G[0K[1A[0K[36m⠹[39m building bundles...
[1G[0K[1A[0K[36m⠸[39m building bundles...
[1G[0K[1A[0K[36m⠼[39m building bundles...
[1G[0K[1A[0K[36m⠴[39m building bundles...
[1G[0K[1A[0K[36m⠦[39m building bundles...
[1G[0K[1A[0K[36m⠧[39m building bundles...
[2K[1G[1G[0K[1A[0K[36m⠇[39m building bundles...
[1G[0K[1A[0K[36m⠏[39m building bundles...
[1G[0K[1A[0K[36m⠋[39m building bundles...
[1G[0K[1A[0K[36m⠙[39m building bundles...
[2K[1G[1G[0K[1A[0K[36m⠹[39m building bundles...
[1G[0K[1A[0K[36m⠸[39m building bundles...
[1G[0K[1A[0K[36m⠼[39m building bundles...
[2K[1G[1G[0K[1A[0K[36m⠴[39m building bundles...
[2K[1G[1G[0K[1A[0K[36m⠦[39m building bundles...
[1G[0K[1A[0K[36m⠧[39m building bundles...
[2K[1G[2K[1G[2K[1G[1G[0K[1A[0K[36m⠇[39m building bundles...
[1G[0K[1A[0K[36m⠏[39m building bundles...
[1G[0K[1A[0K[36m⠋[39m building bundles...
[2K[1G[2K[1G[2K[1G[2K[1G[2K[1G[2K[1G[1G[0K[1A[0K[36m⠙[39m building bundles...
[1G[0K[1A[0K[36m⠹[39m building bundles...
[2K[1G[1G[0K[1A[0K[36m⠸[39m building bundles...
[2K[1G[1G[0K[1A[0K[36m⠼[39m building bundles...
[1G[0K[1A[0K[36m⠴[39m building bundles...
[1G[0K[1A[0K[36m⠦[39m building bundles...
[2K[1G[1G[0K[1A[0K[36m⠧[39m building bundles...
[1G[0K[1A[0K[36m⠇[39m building bundles...
[1G[0K[1A[0K[36m⠏[39m building bundles...
[1G[0K[1A[0K[36m⠋[39m building bundles...
[1G[0K[1A[0K[36m⠙[39m building bundles...
[2K[1G[1G[0K[1A[0K[36m⠹[39m building bundles...
[1G[0K[1A[0K[36m⠸[39m building bundles...
[1G[0K[1A[0K[36m⠼[39m building bundles...
[1G[0K[1A[0K[36m⠴[39m building bundles...
[1G[0K[1A[0K[36m⠦[39m building bundles...
[1G[0K[1A[0K[36m⠧[39m building bundles...
[1G[0K[1A[0K[36m⠇[39m building bundles...
[1G[0K[1A[0K[36m⠏[39m building bundles...
[1G[0K[1A[0K[36m⠋[39m building bundles...
[1G[0K[1A[0K[36m⠙[39m building bundles...
[1G[0K[1A[0K[36m⠹[39m building bundles...
[1G[0K[1A[0K[36m⠸[39m building bundles...
[1G[0K[1A[0K[36m⠼[39m building bundles...
[1G[0K[1A[0K[36m⠴[39m building bundles...
[1G[0K[1A[0K[36m⠦[39m building bundles...
[1G[0K[1A[0K[36m⠧[39m building bundles...
[1G[0K[1A[0K[36m⠇[39m building bundles...
[1G[0K[1A[0K[?25h[32m✔[39m bundles built
[?25l[1G[1G[36m⠋[39m prerendering pages...
[1G[0K[1A[0K[36m⠙[39m prerendering pages...
[1G[0K[1A[0K[36m⠹[39m prerendering pages...
Warning: Invalid DOM property `class`. Did you mean `className`?
    at h3
    at div
    at MDXContent (file:///home/jeffrieh/repositories/effect-tasks/node_modules/.pnpm/vocs@1.0.0-alpha.62_@types+react@19.0.10_acorn@8.14.0_react-dom@18.3.1_react@18.3.1_rollup@4.34.8_typescript@5.7.3/node_modules/vocs/_lib/vite/.vocs/dist/assets/token-C_U5-vnA.js:150:8)
    at article
    at Content$2 (file:///home/jeffrieh/repositories/effect-tasks/node_modules/.pnpm/vocs@1.0.0-alpha.62_@types+react@19.0.10_acorn@8.14.0_react-dom@18.3.1_react@18.3.1_rollup@4.34.8_typescript@5.7.3/node_modules/vocs/_lib/vite/.vocs/dist/index.server.js:409:22)
    at div
    at div
    at DocsLayout (file:///home/jeffrieh/repositories/effect-tasks/node_modules/.pnpm/vocs@1.0.0-alpha.62_@types+react@19.0.10_acorn@8.14.0_react-dom@18.3.1_react@18.3.1_rollup@4.34.8_typescript@5.7.3/node_modules/vocs/_lib/vite/.vocs/dist/index.server.js:1485:23)
    at Layout (file:///home/jeffrieh/repositories/effect-tasks/node_modules/.pnpm/vocs@1.0.0-alpha.62_@types+react@19.0.10_acorn@8.14.0_react-dom@18.3.1_react@18.3.1_rollup@4.34.8_typescript@5.7.3/node_modules/vocs/_lib/vite/.vocs/dist/index.server.js:926:19)
    at MDXProvider (file:///home/jeffrieh/repositories/effect-tasks/node_modules/.pnpm/@mdx-js+react@3.1.0_@types+react@19.0.10_react@18.3.1/node_modules/@mdx-js/react/lib/index.js:69:18)
    at Root (file:///home/jeffrieh/repositories/effect-tasks/node_modules/.pnpm/vocs@1.0.0-alpha.62_@types+react@19.0.10_acorn@8.14.0_react-dom@18.3.1_react@18.3.1_rollup@4.34.8_typescript@5.7.3/node_modules/vocs/_lib/vite/.vocs/dist/index.server.js:1977:11)
    at C (/home/jeffrieh/repositories/effect-tasks/node_modules/.pnpm/react-router@6.29.0_react@18.3.1/node_modules/react-router/dist/umd/react-router.production.min.js:11:4864)
    at e.Routes (/home/jeffrieh/repositories/effect-tasks/node_modules/.pnpm/react-router@6.29.0_react@18.3.1/node_modules/react-router/dist/umd/react-router.production.min.js:11:14738)
    at H (/home/jeffrieh/repositories/effect-tasks/node_modules/.pnpm/react-router@6.29.0_react@18.3.1/node_modules/react-router/dist/umd/react-router.production.min.js:11:8001)
    at StaticRouter (/home/jeffrieh/repositories/effect-tasks/node_modules/.pnpm/react-router-dom@6.29.0_react-dom@18.3.1_react@18.3.1/node_modules/react-router-dom/server.js:35:3)
    at ConfigProvider (file:///home/jeffrieh/repositories/effect-tasks/node_modules/.pnpm/vocs@1.0.0-alpha.62_@types+react@19.0.10_acorn@8.14.0_react-dom@18.3.1_react@18.3.1_rollup@4.34.8_typescript@5.7.3/node_modules/vocs/_lib/vite/.vocs/dist/index.server.js:286:27)
[1G[0K[1A[0K[36m⠸[39m prerendering pages...
[1G[0K[1A[0K[36m⠼[39m prerendering pages...
[1G[0K[1A[0K[?25h[32m✔[39m prerendered pages

  [32m[built][39m in 10.093s
[?25h
